2026-03-23 20:45:29,010 - INFO - Logger is working
2026-03-24 21:06:16,611 - INFO - Pipeline started
2026-03-24 21:06:16,612 - INFO - Starting data ingestion
2026-03-24 21:06:16,654 - INFO - Data loaded successfully. Shape: (50000, 15)
2026-03-24 21:06:16,654 - INFO - Starting data transformation
2026-03-24 21:06:16,745 - INFO - Data transformation completed successfully
2026-03-24 21:06:16,745 - INFO - Starting load to PostgreSQL
2026-03-24 21:06:19,853 - INFO - Loaded 50000 records into PostgreSQL successfully
2026-03-24 21:06:19,858 - INFO - Pipeline completed successfully
2026-03-24 21:10:12,386 - INFO - Pipeline started
2026-03-24 21:10:12,386 - INFO - Starting data ingestion
2026-03-24 21:10:12,422 - INFO - Data loaded successfully. Shape: (50000, 15)
2026-03-24 21:10:12,422 - INFO - Starting data transformation
2026-03-24 21:10:12,509 - INFO - Data transformation completed successfully
2026-03-24 21:10:12,509 - INFO - Starting load to PostgreSQL
2026-03-24 21:10:15,722 - INFO - Loaded 50000 records into PostgreSQL successfully
2026-03-24 21:10:15,734 - INFO - Pipeline completed successfully
2026-03-24 21:14:10,568 - INFO - Pipeline started
2026-03-24 21:14:10,568 - INFO - Starting data ingestion
2026-03-24 21:14:10,603 - INFO - Data loaded successfully. Shape: (50000, 15)
2026-03-24 21:14:10,603 - INFO - Starting data transformation
2026-03-24 21:14:10,690 - INFO - Data transformation completed successfully
2026-03-24 21:14:10,690 - INFO - Starting load to PostgreSQL
2026-03-24 21:14:14,635 - INFO - Load completed. Attempted to insert 50000 records.
2026-03-24 21:14:14,643 - INFO - Pipeline completed successfully
2026-03-24 21:14:47,647 - INFO - Pipeline started
2026-03-24 21:14:47,647 - INFO - Starting data ingestion
2026-03-24 21:14:47,684 - INFO - Data loaded successfully. Shape: (50000, 15)
2026-03-24 21:14:47,684 - INFO - Starting data transformation
2026-03-24 21:14:47,770 - INFO - Data transformation completed successfully
2026-03-24 21:14:47,770 - INFO - Starting load to PostgreSQL
2026-03-24 21:14:51,607 - INFO - Load completed. Attempted to insert 50000 records.
2026-03-24 21:14:51,614 - INFO - Pipeline completed successfully
2026-03-27 18:48:00,962 - INFO -  Starting of data ingestion
2026-03-27 18:48:00,998 - INFO - Data loaded sucessfully. shape:(50000, 15)
2026-03-27 18:49:21,261 - INFO -  Starting of data ingestion
2026-03-27 18:49:21,295 - INFO - Data loaded sucessfully. shape:(50000, 15)
2026-04-08 19:38:58,235 - INFO - Pipeline started
2026-04-08 19:38:58,235 - INFO -  Starting of data ingestion
2026-04-08 19:38:58,281 - INFO - Data loaded sucessfully. shape:(50000, 15)
2026-04-08 19:38:58,281 - INFO - Starting data transformation
2026-04-08 19:38:58,369 - INFO - Data transformation completed successfully
2026-04-08 19:38:58,369 - INFO - Starting load to PostgreSQL
2026-04-08 19:41:00,326 - INFO - Pipeline started
2026-04-08 19:41:00,326 - INFO -  Starting of data ingestion
2026-04-08 19:41:00,361 - INFO - Data loaded sucessfully. shape:(50000, 15)
2026-04-08 19:41:00,361 - INFO - Starting data transformation
2026-04-08 19:41:00,444 - INFO - Data transformation completed successfully
2026-04-08 19:41:00,444 - INFO - Starting load to PostgreSQL
2026-04-08 19:41:01,325 - INFO - Inserted records 0 to 4999
2026-04-08 19:41:01,428 - INFO - Inserted records 5000 to 9999
2026-04-08 19:41:01,519 - INFO - Inserted records 10000 to 14999
2026-04-08 19:41:01,603 - INFO - Inserted records 15000 to 19999
2026-04-08 19:41:01,687 - INFO - Inserted records 20000 to 24999
2026-04-08 19:41:01,771 - INFO - Inserted records 25000 to 29999
2026-04-08 19:41:01,852 - INFO - Inserted records 30000 to 34999
2026-04-08 19:41:01,936 - INFO - Inserted records 35000 to 39999
2026-04-08 19:41:02,019 - INFO - Inserted records 40000 to 44999
2026-04-08 19:41:02,102 - INFO - Inserted records 45000 to 49999
2026-04-08 19:41:02,102 - INFO - Load completed. Attempted to insert 50000 records.
2026-04-08 19:41:02,104 - INFO - Pipeline completed successfully
2026-04-08 19:48:56,807 - INFO - Pipeline started
2026-04-08 19:48:56,807 - INFO -  Starting of data ingestion
2026-04-08 19:48:56,841 - INFO - Data loaded sucessfully. shape:(50000, 15)
2026-04-08 19:48:56,841 - INFO - Starting data transformation
2026-04-08 19:48:56,929 - ERROR - Error during transformation: Index(['ransactionID'], dtype='str')
2026-04-08 19:48:56,929 - ERROR - Pipeline failed: Index(['ransactionID'], dtype='str')
2026-04-08 19:49:41,534 - INFO - Pipeline started
2026-04-08 19:49:41,534 - INFO -  Starting of data ingestion
2026-04-08 19:49:41,569 - INFO - Data loaded sucessfully. shape:(50000, 15)
2026-04-08 19:49:41,569 - INFO - Starting data transformation
2026-04-08 19:49:41,655 - INFO - Data transformation completed successfully
2026-04-08 19:49:41,656 - INFO - Starting load to PostgreSQL
2026-04-08 19:49:42,547 - INFO - Inserted records 0 to 4999
2026-04-08 19:49:42,649 - INFO - Inserted records 5000 to 9999
2026-04-08 19:49:42,738 - INFO - Inserted records 10000 to 14999
2026-04-08 19:49:42,822 - INFO - Inserted records 15000 to 19999
2026-04-08 19:49:42,907 - INFO - Inserted records 20000 to 24999
2026-04-08 19:49:42,991 - INFO - Inserted records 25000 to 29999
2026-04-08 19:49:43,071 - INFO - Inserted records 30000 to 34999
2026-04-08 19:49:43,157 - INFO - Inserted records 35000 to 39999
2026-04-08 19:49:43,240 - INFO - Inserted records 40000 to 44999
2026-04-08 19:49:43,325 - INFO - Inserted records 45000 to 49999
2026-04-08 19:49:43,325 - INFO - Load completed. Attempted to insert 50000 records.
2026-04-08 19:49:43,328 - INFO - Pipeline completed successfully
2026-04-08 19:54:30,851 - INFO - Pipeline started
2026-04-08 19:54:30,851 - INFO -  Starting of data ingestion
2026-04-08 19:54:30,886 - INFO - Data loaded sucessfully. shape:(50000, 15)
2026-04-08 19:54:30,886 - INFO - Starting data transformation
2026-04-08 19:54:30,974 - INFO - Data transformation completed successfully
2026-04-08 19:54:30,974 - INFO - Starting load to PostgreSQL
2026-04-08 19:54:31,877 - INFO - Inserted records 0 to 4999
2026-04-08 19:54:31,976 - INFO - Inserted records 5000 to 9999
2026-04-08 19:54:32,072 - INFO - Inserted records 10000 to 14999
2026-04-08 19:54:32,173 - INFO - Inserted records 15000 to 19999
2026-04-08 19:54:32,271 - INFO - Inserted records 20000 to 24999
2026-04-08 19:54:32,368 - INFO - Inserted records 25000 to 29999
2026-04-08 19:54:32,466 - INFO - Inserted records 30000 to 34999
2026-04-08 19:54:32,563 - INFO - Inserted records 35000 to 39999
2026-04-08 19:54:32,661 - INFO - Inserted records 40000 to 44999
2026-04-08 19:54:32,761 - INFO - Inserted records 45000 to 49999
2026-04-08 19:54:32,761 - INFO - Load completed. Attempted to insert 50000 records.
2026-04-08 19:54:32,763 - INFO - Pipeline completed successfully
2026-04-08 19:57:59,066 - INFO - Pipeline started
2026-04-08 19:57:59,066 - INFO -  Starting of data ingestion
2026-04-08 19:57:59,102 - INFO - Data loaded sucessfully. shape:(50001, 15)
2026-04-08 19:57:59,102 - INFO - Starting data transformation
2026-04-08 19:57:59,193 - INFO - Data transformation completed successfully
2026-04-08 19:57:59,194 - INFO - Starting load to PostgreSQL
2026-04-08 19:58:00,087 - INFO - Inserted records 0 to 4999
2026-04-08 19:58:00,186 - INFO - Inserted records 5000 to 9999
2026-04-08 19:58:00,273 - INFO - Inserted records 10000 to 14999
2026-04-08 19:58:00,355 - INFO - Inserted records 15000 to 19999
2026-04-08 19:58:00,439 - INFO - Inserted records 20000 to 24999
2026-04-08 19:58:00,523 - INFO - Inserted records 25000 to 29999
2026-04-08 19:58:00,608 - INFO - Inserted records 30000 to 34999
2026-04-08 19:58:00,694 - INFO - Inserted records 35000 to 39999
2026-04-08 19:58:00,779 - INFO - Inserted records 40000 to 44999
2026-04-08 19:58:00,864 - INFO - Inserted records 45000 to 49999
2026-04-08 19:58:00,864 - INFO - Load completed. Attempted to insert 50000 records.
2026-04-08 19:58:00,866 - INFO - Pipeline completed successfully
2026-04-08 20:00:34,663 - INFO - Pipeline started
2026-04-08 20:00:34,663 - INFO -  Starting of data ingestion
2026-04-08 20:00:34,697 - INFO - Data loaded sucessfully. shape:(50001, 15)
2026-04-08 20:00:34,700 - INFO - Starting data transformation
2026-04-08 20:00:34,790 - INFO - Data transformation completed successfully
2026-04-08 20:00:34,790 - INFO - Starting load to PostgreSQL
2026-04-08 20:00:35,701 - INFO - Inserted records 0 to 4999
2026-04-08 20:00:35,810 - INFO - Inserted records 5000 to 9999
2026-04-08 20:00:35,908 - INFO - Inserted records 10000 to 14999
2026-04-08 20:00:36,007 - INFO - Inserted records 15000 to 19999
2026-04-08 20:00:36,108 - INFO - Inserted records 20000 to 24999
2026-04-08 20:00:36,207 - INFO - Inserted records 25000 to 29999
2026-04-08 20:00:36,307 - INFO - Inserted records 30000 to 34999
2026-04-08 20:00:36,411 - INFO - Inserted records 35000 to 39999
2026-04-08 20:00:36,512 - INFO - Inserted records 40000 to 44999
2026-04-08 20:00:36,614 - INFO - Inserted records 45000 to 49999
2026-04-08 20:00:36,614 - INFO - Load completed. Attempted to insert 50000 records.
2026-04-08 20:00:36,615 - INFO - Pipeline completed successfully
2026-04-08 20:02:09,222 - INFO - Pipeline started
2026-04-08 20:02:09,222 - INFO -  Starting of data ingestion
2026-04-08 20:02:09,259 - INFO - Data loaded sucessfully. shape:(50002, 15)
2026-04-08 20:02:09,259 - INFO - Starting data transformation
2026-04-08 20:02:09,350 - INFO - Data transformation completed successfully
2026-04-08 20:02:09,351 - INFO - Starting load to PostgreSQL
2026-04-08 20:02:10,248 - INFO - Inserted records 0 to 4999
2026-04-08 20:02:10,351 - INFO - Inserted records 5000 to 9999
2026-04-08 20:02:10,436 - INFO - Inserted records 10000 to 14999
2026-04-08 20:02:10,522 - INFO - Inserted records 15000 to 19999
2026-04-08 20:02:10,606 - INFO - Inserted records 20000 to 24999
2026-04-08 20:02:10,691 - INFO - Inserted records 25000 to 29999
2026-04-08 20:02:10,776 - INFO - Inserted records 30000 to 34999
2026-04-08 20:02:10,863 - INFO - Inserted records 35000 to 39999
2026-04-08 20:02:10,953 - INFO - Inserted records 40000 to 44999
2026-04-08 20:02:11,034 - INFO - Inserted records 45000 to 49999
2026-04-08 20:02:11,036 - INFO - Inserted records 50000 to 50000
2026-04-08 20:02:11,036 - INFO - Load completed. Attempted to insert 50001 records.
2026-04-08 20:02:11,038 - INFO - Pipeline completed successfully
2026-04-08 20:20:15,119 - INFO - Pipeline started
2026-04-08 20:20:15,119 - INFO -  Starting of data ingestion
2026-04-08 20:20:15,155 - INFO - Data loaded sucessfully. shape:(50002, 15)
2026-04-08 20:20:15,155 - INFO - Starting data transformation
2026-04-08 20:20:15,247 - INFO - Data transformation completed successfully
2026-04-08 20:20:15,247 - INFO - Starting data validation
2026-04-08 20:20:15,254 - INFO - Null counts:
TransactionID          0
AccountID              0
TransactionAmount      0
TransactionDate        0
TransactionType        0
Location               0
DeviceID               0
IP Address             0
MerchantID             0
Channel                0
CustomerAge            0
CustomerOccupation     0
TransactionDuration    0
LoginAttempts          0
AccountBalance         0
load_timestamp         0
batch_id               0
dtype: int64
2026-04-08 20:20:15,272 - INFO - Duplicate rows: 0
2026-04-08 20:20:15,272 - INFO - Invalid TransactionDate values: 0
2026-04-08 20:20:15,272 - INFO - Negative TransactionAmount values: 0
2026-04-08 20:20:15,272 - INFO - Data validation completed successfully
2026-04-08 20:20:15,272 - INFO - Starting load to PostgreSQL
2026-04-08 20:20:16,161 - INFO - Inserted records 0 to 4999
2026-04-08 20:20:16,261 - INFO - Inserted records 5000 to 9999
2026-04-08 20:20:16,349 - INFO - Inserted records 10000 to 14999
2026-04-08 20:20:16,434 - INFO - Inserted records 15000 to 19999
2026-04-08 20:20:16,518 - INFO - Inserted records 20000 to 24999
2026-04-08 20:20:16,602 - INFO - Inserted records 25000 to 29999
2026-04-08 20:20:16,685 - INFO - Inserted records 30000 to 34999
2026-04-08 20:20:16,767 - INFO - Inserted records 35000 to 39999
2026-04-08 20:20:16,850 - INFO - Inserted records 40000 to 44999
2026-04-08 20:20:16,938 - INFO - Inserted records 45000 to 49999
2026-04-08 20:20:16,938 - INFO - Inserted records 50000 to 50000
2026-04-08 20:20:16,938 - INFO - Load completed. Attempted to insert 50001 records.
2026-04-08 20:20:16,940 - INFO - Pipeline completed successfully
2026-04-08 20:22:43,874 - INFO - Pipeline started
2026-04-08 20:22:43,874 - INFO -  Starting of data ingestion
2026-04-08 20:22:43,908 - INFO - Data loaded sucessfully. shape:(50002, 15)
2026-04-08 20:22:43,908 - INFO - Starting data transformation
2026-04-08 20:22:43,997 - INFO - Data transformation completed successfully
2026-04-08 20:22:43,998 - INFO - Starting data validation
2026-04-08 20:22:44,004 - INFO - Null counts:
TransactionID          0
AccountID              0
TransactionAmount      0
TransactionDate        0
TransactionType        0
Location               0
DeviceID               0
IP Address             0
MerchantID             0
Channel                0
CustomerAge            0
CustomerOccupation     0
TransactionDuration    0
LoginAttempts          0
AccountBalance         0
load_timestamp         0
batch_id               0
dtype: int64
2026-04-08 20:22:44,021 - INFO - Duplicate rows: 0
2026-04-08 20:22:44,022 - INFO - Invalid TransactionDate values: 0
2026-04-08 20:22:44,022 - INFO - Negative TransactionAmount values: 0
2026-04-08 20:22:44,022 - INFO - Data validation completed successfully
2026-04-08 20:22:44,022 - ERROR - Pipeline failed: load_to_postgres() takes 2 positional arguments but 3 were given
2026-04-08 20:25:47,452 - INFO - Pipeline started
2026-04-08 20:25:47,452 - INFO -  Starting of data ingestion
2026-04-08 20:25:47,487 - INFO - Data loaded sucessfully. shape:(50002, 15)
2026-04-08 20:25:47,487 - INFO - Starting data transformation
2026-04-08 20:25:47,576 - INFO - Data transformation completed successfully
2026-04-08 20:25:47,576 - INFO - Starting data validation
2026-04-08 20:25:47,582 - INFO - Null counts:
TransactionID          0
AccountID              0
TransactionAmount      0
TransactionDate        0
TransactionType        0
Location               0
DeviceID               0
IP Address             0
MerchantID             0
Channel                0
CustomerAge            0
CustomerOccupation     0
TransactionDuration    0
LoginAttempts          0
AccountBalance         0
load_timestamp         0
batch_id               0
dtype: int64
2026-04-08 20:25:47,600 - INFO - Duplicate rows: 0
2026-04-08 20:25:47,600 - INFO - Invalid TransactionDate values: 0
2026-04-08 20:25:47,600 - INFO - Negative TransactionAmount values: 0
2026-04-08 20:25:47,600 - INFO - Data validation completed successfully
2026-04-08 20:25:47,600 - INFO - Starting load to PostgreSQL
2026-04-08 20:25:47,631 - INFO - Last loaded transaction_date in DB: 2026-12-01 00:00:00
2026-04-08 20:25:47,631 - INFO - New records to load after filtering: 0
2026-04-08 20:25:47,631 - INFO - No new data to insert. Skipping load step.
2026-04-08 20:25:47,632 - INFO - Pipeline completed successfully
2026-04-13 18:43:16,541 - INFO -  Starting of data ingestion
2026-04-13 18:43:16,579 - INFO - Data loaded sucessfully. shape:(50002, 15)
2026-04-13 18:43:26,520 - INFO -  Starting of data ingestion
2026-04-13 18:43:26,556 - INFO - Data loaded sucessfully. shape:(50002, 15)
2026-04-13 18:48:46,390 - INFO - Pipeline started
2026-04-13 18:48:46,390 - INFO -  Starting of data ingestion
2026-04-13 18:48:46,437 - INFO - Data loaded sucessfully. shape:(50002, 15)
2026-04-13 18:48:46,437 - INFO - Starting data transformation
2026-04-13 18:48:46,529 - INFO - Data transformation completed successfully
2026-04-13 18:48:46,529 - INFO - Starting data validation
2026-04-13 18:48:46,535 - INFO - Null counts:
TransactionID          0
AccountID              0
TransactionAmount      0
TransactionDate        0
TransactionType        0
Location               0
DeviceID               0
IP Address             0
MerchantID             0
Channel                0
CustomerAge            0
CustomerOccupation     0
TransactionDuration    0
LoginAttempts          0
AccountBalance         0
load_timestamp         0
batch_id               0
dtype: int64
2026-04-13 18:48:46,553 - INFO - Duplicate rows: 0
2026-04-13 18:48:46,553 - INFO - Invalid TransactionDate values: 0
2026-04-13 18:48:46,553 - INFO - Negative TransactionAmount values: 0
2026-04-13 18:48:46,553 - INFO - Data validation completed successfully
2026-04-13 18:48:46,553 - INFO - Starting load to PostgreSQL
2026-04-13 18:48:46,612 - INFO - Last loaded transaction_date in DB: 2026-12-01 00:00:00
2026-04-13 18:48:46,612 - INFO - New records to load after filtering: 0
2026-04-13 18:48:46,612 - INFO - No new data to insert. Skipping load step.
2026-04-13 18:48:46,612 - INFO - Pipeline completed successfully
2026-04-13 18:53:55,997 - INFO - Pipeline started
2026-04-13 18:53:55,998 - INFO -  Starting of data ingestion
2026-04-13 18:53:56,035 - INFO - Data loaded sucessfully. shape:(50002, 15)
2026-04-13 18:53:56,035 - INFO - Starting data transformation
2026-04-13 18:53:56,131 - INFO - Data transformation completed successfully
2026-04-13 18:53:56,131 - INFO - Starting data validation
2026-04-13 18:53:56,138 - INFO - Null counts:
TransactionID          0
AccountID              0
TransactionAmount      0
TransactionDate        0
TransactionType        0
Location               0
DeviceID               0
IP Address             0
MerchantID             0
Channel                0
CustomerAge            0
CustomerOccupation     0
TransactionDuration    0
LoginAttempts          0
AccountBalance         0
load_timestamp         0
batch_id               0
dtype: int64
2026-04-13 18:53:56,156 - INFO - Duplicate rows: 0
2026-04-13 18:53:56,156 - INFO - Invalid TransactionDate values: 0
2026-04-13 18:53:56,156 - INFO - Negative TransactionAmount values: 0
2026-04-13 18:53:56,156 - INFO - Data validation completed successfully
2026-04-13 18:53:56,156 - INFO - Starting load to PostgreSQL
2026-04-13 18:53:56,182 - INFO - Last loaded transaction_date in DB: 2025-12-31 00:00:00
2026-04-13 18:53:56,183 - INFO - New records to load after filtering: 1
2026-04-13 18:53:56,189 - INFO - Inserted records 0 to 0
2026-04-13 18:53:56,189 - INFO - Load completed. Attempted to insert 1 records.
2026-04-13 18:53:56,189 - INFO - Pipeline completed successfully
2026-04-13 18:55:07,325 - INFO - Pipeline started
2026-04-13 18:55:07,325 - INFO -  Starting of data ingestion
2026-04-13 18:55:07,359 - INFO - Data loaded sucessfully. shape:(50002, 15)
2026-04-13 18:55:07,359 - INFO - Starting data transformation
2026-04-13 18:55:07,448 - INFO - Data transformation completed successfully
2026-04-13 18:55:07,448 - INFO - Starting data validation
2026-04-13 18:55:07,454 - INFO - Null counts:
TransactionID          0
AccountID              0
TransactionAmount      0
TransactionDate        0
TransactionType        0
Location               0
DeviceID               0
IP Address             0
MerchantID             0
Channel                0
CustomerAge            0
CustomerOccupation     0
TransactionDuration    0
LoginAttempts          0
AccountBalance         0
load_timestamp         0
batch_id               0
dtype: int64
2026-04-13 18:55:07,472 - INFO - Duplicate rows: 0
2026-04-13 18:55:07,472 - INFO - Invalid TransactionDate values: 0
2026-04-13 18:55:07,473 - INFO - Negative TransactionAmount values: 0
2026-04-13 18:55:07,473 - INFO - Data validation completed successfully
2026-04-13 18:55:07,473 - INFO - Starting load to PostgreSQL
2026-04-13 18:55:07,492 - INFO - No existing data found. Loading full dataset.
2026-04-13 18:55:08,382 - INFO - Inserted records 0 to 4999
2026-04-13 18:55:08,488 - INFO - Inserted records 5000 to 9999
2026-04-13 18:55:08,586 - INFO - Inserted records 10000 to 14999
2026-04-13 18:55:08,682 - INFO - Inserted records 15000 to 19999
2026-04-13 18:55:08,779 - INFO - Inserted records 20000 to 24999
2026-04-13 18:55:08,879 - INFO - Inserted records 25000 to 29999
2026-04-13 18:55:08,976 - INFO - Inserted records 30000 to 34999
2026-04-13 18:55:09,075 - INFO - Inserted records 35000 to 39999
2026-04-13 18:55:09,173 - INFO - Inserted records 40000 to 44999
2026-04-13 18:55:09,271 - INFO - Inserted records 45000 to 49999
2026-04-13 18:55:09,271 - INFO - Inserted records 50000 to 50000
2026-04-13 18:55:09,271 - INFO - Load completed. Attempted to insert 50001 records.
2026-04-13 18:55:09,273 - INFO - Pipeline completed successfully
2026-04-13 18:59:21,986 - INFO - Pipeline started
2026-04-13 18:59:21,987 - INFO -  Starting of data ingestion
2026-04-13 18:59:22,019 - INFO - Data loaded sucessfully. shape:(50002, 15)
2026-04-13 18:59:22,019 - INFO - Starting data transformation
2026-04-13 18:59:22,107 - INFO - Data transformation completed successfully
2026-04-13 18:59:22,107 - INFO - Starting data validation
2026-04-13 18:59:22,113 - INFO - Null counts:
TransactionID          0
AccountID              0
TransactionAmount      0
TransactionDate        0
TransactionType        0
Location               0
DeviceID               0
IP Address             0
MerchantID             0
Channel                0
CustomerAge            0
CustomerOccupation     0
TransactionDuration    0
LoginAttempts          0
AccountBalance         0
load_timestamp         0
batch_id               0
dtype: int64
2026-04-13 18:59:22,131 - INFO - Duplicate rows: 0
2026-04-13 18:59:22,131 - INFO - Invalid TransactionDate values: 0
2026-04-13 18:59:22,131 - INFO - Negative TransactionAmount values: 0
2026-04-13 18:59:22,131 - INFO - Data validation completed successfully
2026-04-13 18:59:22,131 - INFO - Starting load to PostgreSQL
2026-04-13 18:59:22,158 - INFO - Last loaded transaction_date in DB: 2025-12-31 00:00:00
2026-04-13 18:59:22,159 - INFO - New records to load after filtering: 1
2026-04-13 18:59:22,162 - INFO - Inserted records 0 to 0
2026-04-13 18:59:22,162 - INFO - Load completed. Attempted to insert 1 records.
2026-04-13 18:59:22,162 - INFO - Pipeline completed successfully
2026-04-13 19:00:32,835 - INFO - Pipeline started
2026-04-13 19:00:32,835 - INFO -  Starting of data ingestion
2026-04-13 19:00:32,870 - INFO - Data loaded sucessfully. shape:(50002, 15)
2026-04-13 19:00:32,870 - INFO - Starting data transformation
2026-04-13 19:00:32,955 - INFO - Data transformation completed successfully
2026-04-13 19:00:32,956 - INFO - Starting data validation
2026-04-13 19:00:32,962 - INFO - Null counts:
TransactionID          0
AccountID              0
TransactionAmount      0
TransactionDate        0
TransactionType        0
Location               0
DeviceID               0
IP Address             0
MerchantID             0
Channel                0
CustomerAge            0
CustomerOccupation     0
TransactionDuration    0
LoginAttempts          0
AccountBalance         0
load_timestamp         0
batch_id               0
dtype: int64
2026-04-13 19:00:32,979 - INFO - Duplicate rows: 0
2026-04-13 19:00:32,979 - INFO - Invalid TransactionDate values: 0
2026-04-13 19:00:32,979 - INFO - Negative TransactionAmount values: 0
2026-04-13 19:00:32,979 - INFO - Data validation completed successfully
2026-04-13 19:00:32,979 - INFO - Starting load to PostgreSQL
2026-04-13 19:00:33,009 - INFO - Last loaded transaction_date in DB: 2026-12-01 00:00:00
2026-04-13 19:00:33,009 - INFO - New records to load after filtering: 0
2026-04-13 19:00:33,010 - INFO - No new data to insert. Skipping load step.
2026-04-13 19:00:33,010 - INFO - Pipeline completed successfully
2026-04-13 19:10:07,632 - INFO - Pipeline started
2026-04-13 19:10:07,632 - INFO -  Starting of data ingestion
2026-04-13 19:10:07,667 - INFO - Data loaded sucessfully. shape:(50001, 15)
2026-04-13 19:10:07,667 - INFO - Starting data transformation
2026-04-13 19:10:07,757 - INFO - Data transformation completed successfully
2026-04-13 19:10:07,757 - INFO - Starting data validation
2026-04-13 19:10:07,763 - INFO - Null counts:
TransactionID          0
AccountID              0
TransactionAmount      0
TransactionDate        0
TransactionType        0
Location               0
DeviceID               0
IP Address             0
MerchantID             0
Channel                0
CustomerAge            0
CustomerOccupation     0
TransactionDuration    0
LoginAttempts          0
AccountBalance         0
load_timestamp         0
batch_id               0
dtype: int64
2026-04-13 19:10:07,781 - INFO - Duplicate rows: 0
2026-04-13 19:10:07,781 - INFO - Invalid TransactionDate values: 0
2026-04-13 19:10:07,782 - INFO - Negative TransactionAmount values: 0
2026-04-13 19:10:07,782 - INFO - Data validation completed successfully
2026-04-13 19:10:07,782 - INFO - Starting load to PostgreSQL
2026-04-13 19:10:07,813 - INFO - Last loaded transaction_date in DB: 2025-12-31 00:00:00
2026-04-13 19:10:07,813 - INFO - New records to load after filtering: 0
2026-04-13 19:10:07,813 - INFO - No new data to insert. Skipping load step.
2026-04-13 19:10:07,813 - INFO - Pipeline completed successfully
2026-04-13 19:15:27,367 - INFO - Pipeline started
2026-04-13 19:15:27,367 - INFO -  Starting of data ingestion
2026-04-13 19:15:27,400 - INFO - Data loaded sucessfully. shape:(50001, 15)
2026-04-13 19:15:27,400 - INFO - Starting data transformation
2026-04-13 19:15:27,485 - INFO - Invalid TransactionDate values: 0
2026-04-13 19:15:27,487 - INFO - Future-dated rows: 0
2026-04-13 19:15:27,490 - INFO - Duplicate rows: 1
2026-04-13 19:15:27,494 - INFO - Rows after transformation: 50000
2026-04-13 19:15:27,494 - INFO - Data transformation completed successfully
2026-04-13 19:15:27,495 - INFO - Starting data validation
2026-04-13 19:15:27,501 - INFO - Null counts:
TransactionID          0
AccountID              0
TransactionAmount      0
TransactionDate        0
TransactionType        0
Location               0
DeviceID               0
IP Address             0
MerchantID             0
Channel                0
CustomerAge            0
CustomerOccupation     0
TransactionDuration    0
LoginAttempts          0
AccountBalance         0
load_timestamp         0
batch_id               0
dtype: int64
2026-04-13 19:15:27,518 - INFO - Duplicate rows: 0
2026-04-13 19:15:27,518 - INFO - Invalid TransactionDate values: 0
2026-04-13 19:15:27,519 - INFO - Negative TransactionAmount values: 0
2026-04-13 19:15:27,519 - INFO - Data validation completed successfully
2026-04-13 19:15:27,519 - INFO - Starting load to PostgreSQL
2026-04-13 19:15:27,549 - INFO - Last loaded transaction_date in DB: 2025-12-31 00:00:00
2026-04-13 19:15:27,549 - INFO - New records to load after filtering: 0
2026-04-13 19:15:27,549 - INFO - No new data to insert. Skipping load step.
2026-04-13 19:15:27,549 - INFO - Pipeline completed successfully
2026-04-13 19:19:20,150 - INFO - Pipeline started
2026-04-13 19:19:20,150 - INFO -  Starting of data ingestion
2026-04-13 19:19:20,186 - INFO - Data loaded sucessfully. shape:(50001, 15)
2026-04-13 19:19:20,186 - INFO - Starting data transformation
2026-04-13 19:19:20,272 - INFO - Invalid TransactionDate values: 0
2026-04-13 19:19:20,273 - INFO - Future-dated rows: 0
2026-04-13 19:19:20,276 - INFO - Duplicate rows: 1
2026-04-13 19:19:20,281 - INFO - Rows after transformation: 50000
2026-04-13 19:19:20,281 - INFO - Data transformation completed successfully
2026-04-13 19:19:20,282 - INFO - Starting data validation
2026-04-13 19:19:20,288 - INFO - Null counts:
TransactionID          0
AccountID              0
TransactionAmount      0
TransactionDate        0
TransactionType        0
Location               0
DeviceID               0
IP Address             0
MerchantID             0
Channel                0
CustomerAge            0
CustomerOccupation     0
TransactionDuration    0
LoginAttempts          0
AccountBalance         0
load_timestamp         0
batch_id               0
dtype: int64
2026-04-13 19:19:20,305 - INFO - Duplicate rows: 0
2026-04-13 19:19:20,305 - INFO - Invalid TransactionDate values: 0
2026-04-13 19:19:20,305 - INFO - Negative TransactionAmount values: 0
2026-04-13 19:19:20,305 - INFO - Data validation completed successfully
2026-04-13 19:19:20,305 - INFO - Starting load to PostgreSQL
2026-04-13 19:19:20,332 - INFO - Last loaded transaction_date in DB: 2025-12-31 00:00:00
2026-04-13 19:19:20,333 - INFO - New records to load after filtering: 0
2026-04-13 19:19:20,333 - INFO - No new data to insert. Skipping load step.
2026-04-13 19:19:20,333 - INFO - Pipeline completed successfully
2026-04-13 19:33:03,237 - INFO - Pipeline started
2026-04-13 19:33:03,237 - INFO -  Starting of data ingestion
2026-04-13 19:33:03,274 - INFO - Data loaded sucessfully. shape:(50001, 15)
2026-04-13 19:33:03,274 - INFO - Starting data transformation
2026-04-13 19:33:03,371 - INFO - Invalid TransactionDate values: 0
2026-04-13 19:33:03,373 - INFO - Future-dated rows: 0
2026-04-13 19:33:03,377 - INFO - Duplicate rows: 1
2026-04-13 19:33:03,382 - INFO - Rows after transformation: 50000
2026-04-13 19:33:03,382 - INFO - Data transformation completed successfully
2026-04-13 19:33:03,382 - INFO - Starting data validation
2026-04-13 19:33:03,388 - INFO - Null counts:
TransactionID          0
AccountID              0
TransactionAmount      0
TransactionDate        0
TransactionType        0
Location               0
DeviceID               0
IP Address             0
MerchantID             0
Channel                0
CustomerAge            0
CustomerOccupation     0
TransactionDuration    0
LoginAttempts          0
AccountBalance         0
load_timestamp         0
batch_id               0
dtype: int64
2026-04-13 19:33:03,409 - INFO - Duplicate rows: 0
2026-04-13 19:33:03,409 - INFO - Invalid TransactionDate values: 0
2026-04-13 19:33:03,409 - INFO - Negative TransactionAmount values: 0
2026-04-13 19:33:03,409 - INFO - Data validation completed successfully
2026-04-13 19:33:03,409 - INFO - Starting load to PostgreSQL
2026-04-13 19:33:03,435 - INFO - Last loaded transaction_date in DB: 2025-12-31 00:00:00
2026-04-13 19:33:03,436 - INFO - New records to load after filtering: 0
2026-04-13 19:33:03,436 - INFO - No new data to insert. Skipping load step.
2026-04-13 19:33:03,436 - INFO - Pipeline completed successfully
